# JRE version: Java(TM) SE Runtime Environment (9.0+11) (build 9.0.4+11)
# Java VM: Java HotSpot(TM) 64-Bit Server VM (9.0.4+11, mixed mode, tiered, compressed oops, g1 gc, windows-amd64)
Heap:
 garbage-first heap   total 227328K, used 123558K [0x0000000700000000, 0x00000007001006f0, 0x00000007c0000000)
  region size 1024K, 45 young (46080K), 1 survivors (1024K)
 Metaspace       used 82940K, capacity 84577K, committed 92288K, reserved 1128448K
  class space    used 10627K, capacity 11021K, committed 12672K, reserved 1048576K
GC Heap History (10 events):
Event: 65728.166 GC heap before
{Heap before GC invocations=859 (full 134):
 garbage-first heap   total 227328K, used 139544K [0x0000000700000000, 0x00000007001006f0, 0x00000007c0000000)
  region size 1024K, 60 young (61440K), 1 survivors (1024K)
 Metaspace       used 82918K, capacity 84577K, committed 92288K, reserved 1128448K
  class space    used 10627K, capacity 11021K, committed 12672K, reserved 1048576K
}
Event: 65728.168 GC heap after
{Heap after GC invocations=860 (full 134):
 garbage-first heap   total 227328K, used 79311K [0x0000000700000000, 0x00000007001006f0, 0x00000007c0000000)
  region size 1024K, 1 young (1024K), 1 survivors (1024K)
 Metaspace       used 82918K, capacity 84577K, committed 92288K, reserved 1128448K
  class space    used 10627K, capacity 11021K, committed 12672K, reserved 1048576K
}
Event: 65737.764 GC heap before
{Heap before GC invocations=860 (full 134):
 garbage-first heap   total 227328K, used 139727K [0x0000000700000000, 0x00000007001006f0, 0x00000007c0000000)
  region size 1024K, 60 young (61440K), 1 survivors (1024K)
 Metaspace       used 82918K, capacity 84577K, committed 92288K, reserved 1128448K
  class space    used 10627K, capacity 11021K, committed 12672K, reserved 1048576K
}
Event: 65737.766 GC heap after
{Heap after GC invocations=861 (full 134):
 garbage-first heap   total 227328K, used 79222K [0x0000000700000000, 0x00000007001006f0, 0x00000007c0000000)
  region size 1024K, 1 young (1024K), 1 survivors (1024K)
 Metaspace       used 82918K, capacity 84577K, committed 92288K, reserved 1128448K
  class space    used 10627K, capacity 11021K, committed 12672K, reserved 1048576K
}
Event: 65738.589 GC heap before
{Heap before GC invocations=861 (full 134):
 garbage-first heap   total 227328K, used 139638K [0x0000000700000000, 0x00000007001006f0, 0x00000007c0000000)
  region size 1024K, 60 young (61440K), 1 survivors (1024K)
 Metaspace       used 82921K, capacity 84577K, committed 92288K, reserved 1128448K
  class space    used 10627K, capacity 11021K, committed 12672K, reserved 1048576K
}
Event: 65738.591 GC heap after
{Heap after GC invocations=862 (full 134):
 garbage-first heap   total 227328K, used 79375K [0x0000000700000000, 0x00000007001006f0, 0x00000007c0000000)
  region size 1024K, 1 young (1024K), 1 survivors (1024K)
 Metaspace       used 82921K, capacity 84577K, committed 92288K, reserved 1128448K
  class space    used 10627K, capacity 11021K, committed 12672K, reserved 1048576K
}
Event: 65738.838 GC heap before
{Heap before GC invocations=862 (full 134):
 garbage-first heap   total 227328K, used 139791K [0x0000000700000000, 0x00000007001006f0, 0x00000007c0000000)
  region size 1024K, 60 young (61440K), 1 survivors (1024K)
 Metaspace       used 82925K, capacity 84577K, committed 92288K, reserved 1128448K
  class space    used 10627K, capacity 11021K, committed 12672K, reserved 1048576K
}
Event: 65738.840 GC heap after
{Heap after GC invocations=863 (full 134):
 garbage-first heap   total 227328K, used 79339K [0x0000000700000000, 0x00000007001006f0, 0x00000007c0000000)
  region size 1024K, 1 young (1024K), 1 survivors (1024K)
 Metaspace       used 82925K, capacity 84577K, committed 92288K, reserved 1128448K
  class space    used 10627K, capacity 11021K, committed 12672K, reserved 1048576K
}
Event: 65740.631 GC heap before
{Heap before GC invocations=863 (full 134):
 garbage-first heap   total 227328K, used 139755K [0x0000000700000000, 0x00000007001006f0, 0x00000007c0000000)
  region size 1024K, 60 young (61440K), 1 survivors (1024K)
 Metaspace       used 82940K, capacity 84577K, committed 92288K, reserved 1128448K
  class space    used 10627K, capacity 11021K, committed 12672K, reserved 1048576K
}
Event: 65740.634 GC heap after
{Heap after GC invocations=864 (full 134):
 garbage-first heap   total 227328K, used 79526K [0x0000000700000000, 0x00000007001006f0, 0x00000007c0000000)
  region size 1024K, 1 young (1024K), 1 survivors (1024K)
 Metaspace       used 82940K, capacity 84577K, committed 92288K, reserved 1128448K
  class space    used 10627K, capacity 11021K, committed 12672K, reserved 1048576K
}

