# JRE version: Java(TM) SE Runtime Environment (9.0+11) (build 9.0.4+11)
# Java VM: Java HotSpot(TM) 64-Bit Server VM (9.0.4+11, mixed mode, tiered, compressed oops, g1 gc, windows-amd64)
Heap:
 garbage-first heap   total 302080K, used 172024K [0x0000000700000000, 0x0000000700100938, 0x00000007c0000000)
  region size 1024K, 45 young (46080K), 1 survivors (1024K)
 Metaspace       used 95366K, capacity 97319K, committed 103680K, reserved 1138688K
  class space    used 12600K, capacity 13020K, committed 14336K, reserved 1048576K
GC Heap History (10 events):
Event: 29495.646 GC heap before
{Heap before GC invocations=3007 (full 223):
 garbage-first heap   total 302080K, used 188304K [0x0000000700000000, 0x0000000700100938, 0x00000007c0000000)
  region size 1024K, 60 young (61440K), 1 survivors (1024K)
 Metaspace       used 95364K, capacity 97319K, committed 103680K, reserved 1138688K
  class space    used 12600K, capacity 13020K, committed 14336K, reserved 1048576K
}
Event: 29495.650 GC heap after
{Heap after GC invocations=3008 (full 223):
 garbage-first heap   total 302080K, used 128344K [0x0000000700000000, 0x0000000700100938, 0x00000007c0000000)
  region size 1024K, 2 young (2048K), 2 survivors (2048K)
 Metaspace       used 95364K, capacity 97319K, committed 103680K, reserved 1138688K
  class space    used 12600K, capacity 13020K, committed 14336K, reserved 1048576K
}
Event: 29495.680 GC heap before
{Heap before GC invocations=3008 (full 223):
 garbage-first heap   total 302080K, used 130392K [0x0000000700000000, 0x0000000700100938, 0x00000007c0000000)
  region size 1024K, 5 young (5120K), 2 survivors (2048K)
 Metaspace       used 95364K, capacity 97319K, committed 103680K, reserved 1138688K
  class space    used 12600K, capacity 13020K, committed 14336K, reserved 1048576K
}
Event: 29495.999 GC heap after
{Heap after GC invocations=3009 (full 224):
 garbage-first heap   total 302080K, used 127173K [0x0000000700000000, 0x0000000700100938, 0x00000007c0000000)
  region size 1024K, 0 young (0K), 0 survivors (0K)
 Metaspace       used 95364K, capacity 97319K, committed 103680K, reserved 1138688K
  class space    used 12600K, capacity 13020K, committed 14336K, reserved 1048576K
}
Event: 29496.347 GC heap before
{Heap before GC invocations=3009 (full 224):
 garbage-first heap   total 302080K, used 188613K [0x0000000700000000, 0x0000000700100938, 0x00000007c0000000)
  region size 1024K, 61 young (62464K), 0 survivors (0K)
 Metaspace       used 95365K, capacity 97319K, committed 103680K, reserved 1138688K
  class space    used 12600K, capacity 13020K, committed 14336K, reserved 1048576K
}
Event: 29496.349 GC heap after
{Heap after GC invocations=3010 (full 224):
 garbage-first heap   total 302080K, used 127853K [0x0000000700000000, 0x0000000700100938, 0x00000007c0000000)
  region size 1024K, 1 young (1024K), 1 survivors (1024K)
 Metaspace       used 95365K, capacity 97319K, committed 103680K, reserved 1138688K
  class space    used 12600K, capacity 13020K, committed 14336K, reserved 1048576K
}
Event: 29497.163 GC heap before
{Heap before GC invocations=3010 (full 224):
 garbage-first heap   total 302080K, used 166765K [0x0000000700000000, 0x0000000700100938, 0x00000007c0000000)
  region size 1024K, 40 young (40960K), 1 survivors (1024K)
 Metaspace       used 95365K, capacity 97319K, committed 103680K, reserved 1138688K
  class space    used 12600K, capacity 13020K, committed 14336K, reserved 1048576K
}
Event: 29497.166 GC heap after
{Heap after GC invocations=3011 (full 224):
 garbage-first heap   total 302080K, used 127643K [0x0000000700000000, 0x0000000700100938, 0x00000007c0000000)
  region size 1024K, 1 young (1024K), 1 survivors (1024K)
 Metaspace       used 95365K, capacity 97319K, committed 103680K, reserved 1138688K
  class space    used 12600K, capacity 13020K, committed 14336K, reserved 1048576K
}
Event: 29501.361 GC heap before
{Heap before GC invocations=3011 (full 224):
 garbage-first heap   total 302080K, used 188059K [0x0000000700000000, 0x0000000700100938, 0x00000007c0000000)
  region size 1024K, 60 young (61440K), 1 survivors (1024K)
 Metaspace       used 95366K, capacity 97319K, committed 103680K, reserved 1138688K
  class space    used 12600K, capacity 13020K, committed 14336K, reserved 1048576K
}
Event: 29501.364 GC heap after
{Heap after GC invocations=3012 (full 224):
 garbage-first heap   total 302080K, used 127992K [0x0000000700000000, 0x0000000700100938, 0x00000007c0000000)
  region size 1024K, 1 young (1024K), 1 survivors (1024K)
 Metaspace       used 95366K, capacity 97319K, committed 103680K, reserved 1138688K
  class space    used 12600K, capacity 13020K, committed 14336K, reserved 1048576K
}

